********************************************************************************
DUPLICATOR-LITE PACKAGE-LOG: 26.07.2021 03:24
NOTICE: Do NOT post to public sites or forums 
********************************************************************************
VERSION:	1.4.2
WORDPRESS:	5.7.2
PHP INFO:	7.4.14 | SAPI: cgi-fcgi
SERVER:		Apache/2.4.6 (CentOS) OpenSSL/1.0.2k-fips mod_fcgid/2.3.9 Phusion_Passenger/5.3.7 
PHP TIME LIMIT: (0) no time limit imposed 
PHP MAX MEMORY: 4294967296 (1024M default) 
MEMORY STACK: 4MB

********************************************************************************
DATABASE:
********************************************************************************
BUILD MODE:   MYSQLDUMP
MYSQLTIMEOUT: 5000
MYSQLDUMP:    Is Supported
SQL CREATED: 20210726_vashinalogi_faf7c7f4e8b3492e6419_20210726032414_database.sql
SQL FILE SIZE: 61.31MB (64286504)
SQL FILE TIME: 2021-07-26 03:24:36
SQL RUNTIME: 1.06 sec.

********************************************************************************
ARCHIVE (ZIP):
********************************************************************************
ARCHIVE DIR:  /var/www/u1252152/data/www/vashnal.ru
ARCHIVE FILE: 20210726_vashinalogi_faf7c7f4e8b3492e6419_20210726032414_archive.zip
FILTERS: *OFF*
DIRS:
	not set
FILES:
	not set
EXTS:  not set
----------------------------------------
COMPRESSING
SIZE:	151.99MB
STATS:	Dirs 800 | Files 6,211
SQL ADDED: 20210726_vashinalogi_faf7c7f4e8b3492e6419_20210726032414_database.sql
ZipArchive Object
(
    [status] => 0
    [statusSys] => 0
    [numFiles] => 7011
    [filename] => /var/www/u1252152/data/www/vashnal.ru/wp-content/backups-dup-lite/tmp/20210726_vashinalogi_faf7c7f4e8b3492e6419_20210726032414_archive.zip
    [comment] => 
)

FILE ADDED TO ZIP: 7010
[PHP ERR][NOTICE] MSG:ob_flush(): failed to flush buffer. No buffer to flush [CODE:8|FILE:/var/www/u1252152/data/www/vashnal.ru/wp-content/plugins/duplicator/classes/utilities/class.u.php|LINE:171]
do_action('wp_ajax_duplicator_package_build'), WP_Hook->do_action, WP_Hook->apply_filters, duplicator_package_build, DUP_Package->runZipBuild, DUP_Archive->build, DUP_Zip::create, DUP_Util::fcgiFlush, ob_flush, DUP_Handler::error, DUP_Handler::getMessage
COMPRESSION RESULT: '1'
COMPRESSED SIZE: 91.87MB
ARCHIVE RUNTIME: 19.38 sec.
MEMORY STACK: 6MB
building installer
add_extra_files1
add_extra_files2
add_extra_files3
add_extra_files4
Doing archive file check
add_extra_files5
add_extra_files6
add_extra_files8
Successfully opened zip /var/www/u1252152/data/www/vashnal.ru/wp-content/backups-dup-lite/tmp/20210726_vashinalogi_faf7c7f4e8b3492e6419_20210726032414_archive.zip
Adding enhanced installer files to archive using ZipArchive
Installer files added to archive
Added to archive
After ziparchive close when adding installer

********************************************************************************
INTEGRITY CHECKS:
********************************************************************************
SQL FILE: 61.31MB
INSTALLER FILE: 64.26KB
ARCHIVE FILE: 93.25MB 
EXPECTED FILE/DIRECTORY COUNT: 7,011
ACTUAL FILE/DIRECTORY COUNT: 7,010
ТЕСТ ЛОГИКИ АРХИВА: Пройден

********************************************************************************
RECORD ID:[1]
TOTAL PROCESS RUNTIME: 21.36 sec.
PEAK PHP MEMORY USED: 8MB
DONE PROCESSING => 20210726_vashinalogi 26.07.2021 03:24

